<?xml version="1.0" encoding="UTF-8"?>
<!-- Generated by org.testng.reporters.JUnitReportReporter -->
<testsuite hostname="DESKTOP-QV1LQK5" failures="0" tests="1" name="tutorialninjaRegister.OpencartDemo" time="8.174" errors="0" timestamp="2025-08-01T16:03:59 IST" skipped="0">
  <testcase classname="tutorialninjaRegister.OpencartDemo" name="verifyRegisteringWithMandatoryFeilds" time="8.174"/>
</testsuite> <!-- tutorialninjaRegister.OpencartDemo -->
