<?xml version="1.0" encoding="UTF-8"?>
<!-- Generated by org.testng.reporters.JUnitReportReporter -->
<testsuite hostname="DESKTOP-QV1LQK5" failures="0" tests="1" name="tutorialninjaRegister.TC_003" time="7.220" errors="0" timestamp="2025-08-07T15:23:54 IST" skipped="0">
  <testcase classname="tutorialninjaRegister.TC_003" name="VerifyRegisteringAccountWithoutfillFeild" time="7.220"/>
</testsuite> <!-- tutorialninjaRegister.TC_003 -->
