<?xml version="1.0" encoding="UTF-8"?>
<!-- Generated by org.testng.reporters.JUnitReportReporter -->
<testsuite hostname="DESKTOP-QV1LQK5" failures="0" tests="1" name="tutorialninjaRegister.TC_002" time="5.568" errors="0" timestamp="2025-08-07T10:04:07 IST" skipped="0">
  <testcase classname="tutorialninjaRegister.TC_002" name="Rsgisterverify" time="5.568"/>
</testsuite> <!-- tutorialninjaRegister.TC_002 -->
